---------------------------------------------------
M.U.G.E.N ver 1.1.0 Beta 1 P1 (2013.08.11) status log
---------------------------------------------------
Parsing command line...
Command line: C:\Users\juans\P1-Proyect-Knockin\knockin\mugen.exe
Parse command line OK
Initializing...
Allocating game variables
Reading configuration file...Setting language "en".
OK
Initializing timer...performance timer enabled...frequency 10000000...OK
Initializing keyboard...configuring...OK
Initializing input engine...OK
Initializing sound...OK
Initializing BGM...  OK
Initializing graphics...gameCoord 1280x720...render mode 2_20...trying 1280x720x32 mode 0x0...success...OK
Setting callbacks...OK
Initializing font...OK
Initializing game variables...OK
Session RNG seed is 1728939927
Loading system fonts...OK
Loading options...
Initializing pads...failed
Reinitializing input engine...OK
Remapping keys...OK
Reinitializing input engine...OK
Options loaded OK
Loading system...
  Load system file system.def...OK
  Load system spr...OK
  Load system snd...OK
  Load system fonts...OK
  Load system anim...OK
  Load [Title Info]...OK
  Load [Option Info]...OK
  Load [Select Info]...OK
  Load [VS Screen]...OK
  Load [Victory Screen]...OK
  Load [Demo Mode]...OK
  Load [Continue Screen]...OK
  Load [Game Over Screen]...OK
  Load [Win Screen]...OK
  Load [Survival Results Screen]...OK
  Load [Default Ending]...OK
  Load [End Credits]...OK
  Load TitleBG...VersusBG...VictoryBG...SelectBG...OptionBG...OK
  Loading fight data
    Opening fight data file data/mugen1/fight.def...OK
    Reading [Files]...OK
    Loading fonts...OK
    Load fight anim...OK
    Reading [Lifebar]...[Turns Lifebar]...[Simul Lifebar]...[Powerbar]...
    [Face]...[Simul Face]...[Turns Face]...
    [Name]...[Simul Name]...[Turns Name]...
    [Time]...[Combo]...[Round]...[WinIcon]...OK
    Allocating explods...OK
  Fight data loaded OK
Lua initing
Lua init complete
System loaded OK
Initialize OK
Set up graphics...timer...OK

Entering gameflow loop
Gameflow 0
Gameflow 1
Gameflow 2
Initializing character info...OK
Initializing select screen...finding characters...OK
Gameflow 3
Playing storyboard intro.def: scene
Unloading match assets
Freeing players
Game loop init
Game loop deinit
Finished playing storyboard intro.def: scene
Gameflow 4
Entering mode select.
Unloading match assets
Freeing players
Game loop init
Mode select init
End of mode select loop
Game loop deinit
Gameflow 6
Reset persist vars team 0
Reset persist vars team 1
Char sans.def (10) request pal 4 7 (7) -> reserved 0 (6)
Char Moonman.def (2) request pal 3 1 (1) -> reserved 0 (0)
Gameflow 8
Gameflow 9
Gameflow 10
Gameflow 11
Loading match assets...
Loading stage...
  Loading BG...OK
Stage loaded OK
Setting game resolution 1280x960...OK
  Allocating helpers...OK
Match RNG seed: 1344470632
Reset persist vars team 0
Reset persist vars team 1
Loading character chars/sans/sans.def...
  Loading info...OK
  Loading cmd command set sans.cmd...OK
  Loading cns sans.cns...OK
  Loading cns helper.cns...OK
  Loading cmd state entry sans.cmd...OK
  Loading common states common1.cns...OK
  Loading sff sans.sff...OK
  Loading anim sans.air...OK
  Loading snd sans.snd...OK
  Loading pals...(1,1)(1,2)(1,3)OK
  SFF v1.01 palette hack engaged.
  1652 expressions (635 on trigger lines)
Character sans.def loaded OK
New char Sans loaded into cache: (1/4 cached) Load time: 670.000ms
Loading character chars/Moonman/Moonman.def...
  Loading info...Info: Moonman loading in pre-1.0 compatible mode
OK
  Loading cmd command set omegal.cmd...OK
  Loading cns omegal.cns...OK
  Loading cmd state entry omegal.cmd...OK
  Loading common states omegal1.cns...OK
  Loading sff omegal.sff...OK
  Loading anim omegal.air...OK
  Loading snd omegal.snd...OK
  Loading pals...(1,1)OK
  1403 expressions (379 on trigger lines)
Character Moonman.def loaded OK
New char Moonman loaded into cache: (2/4 cached) Load time: 520.000ms
Resetting round
Match assets initialized OK
Game loop init
Match loop init
End of match loop
Total time: 16.12s
Total frames: 968 	Skipped frames: 0
Avg game rate: 60.05
Avg frame rate: 60.05

Finishing match
Freeing players
Save persist vars P56 Sans
Player Sans cache count reduced: 0
Save persist vars P57 Moonman
Player Moonman cache count reduced: 0
Match RNG closed
Game loop deinit
Gameflow 3
Gameflow 4
Entering mode select.
Setting game resolution 1280x720...OK
Unloading match assets
Freeing players
Unloading stage...OK
Game loop init
Mode select init
End of mode select loop
Game loop deinit
Gameflow 6
Reset persist vars team 0
Reset persist vars team 1
Gameflow 7
Entering character select.
Unloading match assets
Freeing players
Game loop init
Unreserved all palettes
Charsel init
Selected char 8 on teamslot 0.0
Char Guts.def (8) request pal 4 1 (1) -> reserved 0 (0)
Selected char 7 on teamslot 1.0
Char Omega Rugal 2002-KOFM.def (7) request pal 4 1 (1) -> reserved 0 (0)
End of charsel loop
Game loop deinit
Gameflow 8
Gameflow 9
Gameflow 10
Entering versus screen.
Unloading match assets
Freeing players
Game loop init
Versus screen init
End of versus screen loop
Game loop deinit
Gameflow 11
Loading match assets...
Loading stage...
  Loading BG...OK
Stage loaded OK
  Allocating helpers...OK
Match RNG seed: 54088749
Reset persist vars team 0
Reset persist vars team 1
Loading character chars/Guts/Guts.def...
  Loading info...OK
  Loading cmd command set Guts.cmd...OK
  Loading cns Guts.cns...OK
  Loading cns IA.cns...OK
  Loading cns Specials.cns...OK
  Loading cns Supers.cns...OK
  Loading cmd state entry Guts.cmd...OK
  Loading common states common1.cns...OK
  Loading sff Guts.sff...OK
  Loading anim Guts.air...OK
  Loading snd Guts.snd...OK
  Loading pals...(1,1)OK
  SFF v1.01 palette hack engaged.
  3649 expressions (1043 on trigger lines)
Character Guts.def loaded OK
New char Guts loaded into cache: (3/4 cached) Load time: 1060.000ms
Loading character chars/Omega Rugal 2002-KOFM/Omega Rugal 2002-KOFM.def...
  Loading info...OK
  Loading cmd command set O-Rugal-KOFM.cmd...OK
  Loading cns O-Rugal-KOFM.cns...OK
  Loading cns O-Rugal-KOFM-2-3.cns...OK
  Loading cns O-Rugal-KOFM-N.st...OK
  Loading cns O-Rugal-KOFM-S.st...OK
  Loading cns O-Rugal-KOFM-H.st...OK
  Loading cmd state entry O-Rugal-KOFM.cmd...OK
  Loading common states Common1.cns...OK
  Loading sff O-Rugal-KOFM.sff...OK
  Loading anim O-Rugal-KOFM.air...OK
  Loading snd O-Rugal-KOFM.snd...OK
  Loading pals...(1,1)OK
  SFF v1.01 palette hack engaged.
  18807 expressions (6167 on trigger lines)
Character Omega Rugal 2002-KOFM.def loaded OK
New char Omega Rugal 2002 loaded into cache: (4/4 cached) Load time: 1200.000ms
Resetting round
Match assets initialized OK
Game loop init
Match loop init
CloseWindow event forced common loop quit.
End of match loop
Total time: 77.52s
Total frames: 4646 	Skipped frames: 2
Avg game rate: 59.93
Avg frame rate: 59.91

Finishing match
Freeing players
Save persist vars P56 Guts
Player Guts cache count reduced: 0
Save persist vars P57 Omega Rugal 2002
Player Omega Rugal 2002 cache count reduced: 0
Match RNG closed
Game loop deinit
Gameflow 6
Reset persist vars team 0
Reset persist vars team 1
Gameflow 7
Entering character select.
Unloading match assets
Freeing players
Unloading stage...OK
Game loop init
Unreserved all palettes
Charsel init
Game loop deinit
Canceled character select.
Gameflow 4
Entering mode select.
Unloading match assets
Freeing players
Game loop init
Mode select init
End of mode select loop
Game loop deinit
Returned from gameflow loop
Deinitializing...
Frames      : 7450
Time elapsed: 137.570 sec
ticks: 13757, tps: 100, start 195, end 13952

Unloading match assets
Freeing players
Clearing player cache...Freeing player RC Moonman...CMD...CNS...SFF...AIR...SND...Misc...OK
Freeing player RC Omega Rugal 2002...CMD...CNS...SFF...AIR...SND...Misc...OK
Freeing player RC Guts...CMD...CNS...SFF...AIR...SND...Misc...OK
Freeing player RC Sans...CMD...CNS...SFF...AIR...SND...Misc...OK
OK
Freeing character info...OK
Freeing select screen...OK
Freeing fight data...OK
Freeing system data...OK
Freeing game variables...Unloading match assets
Freeing players
OK
Deinitializing input...pad...keyboard...OK
Removing callbacks...OK
Deintializing timer...OK
Deinitializing graphics...OK
Deinitializing BGM...OK
Deinitializing sound...OK
Successful program termination.

Log file successfully closed.
